[debug] [2022-08-24T16:59:00.196Z] ----------------------------------------------------------------------
[debug] [2022-08-24T16:59:00.198Z] Command:       C:\Program Files\nodejs\node.exe C:\Users\swagm\AppData\Roaming\npm\node_modules\firebase-tools\lib\bin\firebase.js init
[debug] [2022-08-24T16:59:00.198Z] CLI Version:   11.8.0
[debug] [2022-08-24T16:59:00.199Z] Platform:      win32
[debug] [2022-08-24T16:59:00.199Z] Node Version:  v16.13.1
[debug] [2022-08-24T16:59:00.200Z] Time:          Wed Aug 24 2022 18:59:00 GMT+0200 (czas środkowoeuropejski letni)
[debug] [2022-08-24T16:59:00.200Z] ----------------------------------------------------------------------
[debug] 
[debug] [2022-08-24T16:59:00.202Z] >>> [apiv2][query] GET https://firebase-public.firebaseio.com/cli.json [none]
[debug] [2022-08-24T16:59:00.218Z] > command requires scopes: ["email","openid","https://www.googleapis.com/auth/cloudplatformprojects.readonly","https://www.googleapis.com/auth/firebase","https://www.googleapis.com/auth/cloud-platform"]
[debug] [2022-08-24T16:59:00.219Z] > authorizing via signed-in user (sebastian.mazur.p@gmail.com)
[info] 
     ######## #### ########  ######## ########     ###     ######  ########
     ##        ##  ##     ## ##       ##     ##  ##   ##  ##       ##
     ######    ##  ########  ######   ########  #########  ######  ######
     ##        ##  ##    ##  ##       ##     ## ##     ##       ## ##
     ##       #### ##     ## ######## ########  ##     ##  ######  ########

You're about to initialize a Firebase project in this directory:

  C:\Users\swagm\Desktop\beat-shop-frontend\my-app

[debug] [2022-08-24T16:59:00.968Z] <<< [apiv2][status] GET https://firebase-public.firebaseio.com/cli.json 200
[debug] [2022-08-24T16:59:00.969Z] <<< [apiv2][body] GET https://firebase-public.firebaseio.com/cli.json {"cloudBuildErrorAfter":1594252800000,"cloudBuildWarnAfter":1590019200000,"defaultNode10After":1594252800000,"minVersion":"3.0.5","node8DeploysDisabledAfter":1613390400000,"node8RuntimeDisabledAfter":1615809600000,"node8WarnAfter":1600128000000}
[info] 
=== Project Setup
[info] 
[info] First, let's associate this project directory with a Firebase project.
[info] You can create multiple project aliases by running firebase use --add, 
[info] but for now we'll just set up a default project.
[info] 
[debug] [2022-08-24T16:59:26.298Z] > refreshing access token with scopes: []
[debug] [2022-08-24T16:59:26.300Z] >>> [apiv2][query] POST https://www.googleapis.com/oauth2/v3/token [none]
[debug] [2022-08-24T16:59:26.300Z] >>> [apiv2][body] POST https://www.googleapis.com/oauth2/v3/token [omitted]
[debug] [2022-08-24T16:59:26.689Z] <<< [apiv2][status] POST https://www.googleapis.com/oauth2/v3/token 200
[debug] [2022-08-24T16:59:26.689Z] <<< [apiv2][body] POST https://www.googleapis.com/oauth2/v3/token [omitted]
[debug] [2022-08-24T16:59:26.702Z] >>> [apiv2][query] GET https://firebase.googleapis.com/v1beta1/projects pageSize=100
[debug] [2022-08-24T16:59:27.490Z] <<< [apiv2][status] GET https://firebase.googleapis.com/v1beta1/projects 200
[debug] [2022-08-24T16:59:27.490Z] <<< [apiv2][body] GET https://firebase.googleapis.com/v1beta1/projects [omitted]
[info] i  Using project portfolio-bbda6 (portfolio) 
[info] 
=== Hosting Setup
[info] 
[info] Your public directory is the folder (relative to your project directory) that
[info] will contain Hosting assets to be uploaded with firebase deploy. If you
[info] have a build process for your assets, use your build's output directory.
[info] 
[info] +  Wrote build/404.html 
[debug] [2022-08-24T16:59:49.892Z] >>> [apiv2][query] GET https://www.gstatic.com/firebasejs/releases.json [none]
[debug] [2022-08-24T16:59:50.210Z] <<< [apiv2][status] GET https://www.gstatic.com/firebasejs/releases.json 200
[debug] [2022-08-24T16:59:50.210Z] <<< [apiv2][body] GET https://www.gstatic.com/firebasejs/releases.json {"current":{"version":"9.9.3","browserURL":"https://www.gstatic.com/firebasejs/9.9.3/firebase.js","packageURL":"https://www.gstatic.com/firebasejs/9.9.3/firebase.tgz"},"live":{"version":"9.9","browserURL":"https://www.gstatic.com/firebasejs/live/9.9/firebase.js","packageURL":"https://www.gstatic.com/firebasejs/live/9.9/firebase.tgz"},"components":{"analytics":"https://www.gstatic.com/firebasejs/9.9.3/firebase-analytics.js","app":"https://www.gstatic.com/firebasejs/9.9.3/firebase-app.js","app-check":"https://www.gstatic.com/firebasejs/9.9.3/firebase-app-check.js","auth":"https://www.gstatic.com/firebasejs/9.9.3/firebase-auth.js","auth/cordova":"https://www.gstatic.com/firebasejs/9.9.3/firebase-auth/cordova.js","auth/react-native":"https://www.gstatic.com/firebasejs/9.9.3/firebase-auth/react-native.js","functions":"https://www.gstatic.com/firebasejs/9.9.3/firebase-functions.js","firestore":"https://www.gstatic.com/firebasejs/9.9.3/firebase-firestore.js","firestore/lite":"https://www.gstatic.com/firebasejs/9.9.3/firebase-firestore/lite.js","installations":"https://www.gstatic.com/firebasejs/9.9.3/firebase-installations.js","storage":"https://www.gstatic.com/firebasejs/9.9.3/firebase-storage.js","performance":"https://www.gstatic.com/firebasejs/9.9.3/firebase-performance.js","remote-config":"https://www.gstatic.com/firebasejs/9.9.3/firebase-remote-config.js","messaging":"https://www.gstatic.com/firebasejs/9.9.3/firebase-messaging.js","messaging/sw":"https://www.gstatic.com/firebasejs/9.9.3/firebase-messaging/sw.js","database":"https://www.gstatic.com/firebasejs/9.9.3/firebase-database.js","firestore.memory":"https://www.gstatic.com/firebasejs/9.9.3/firebase-firestore.memory.js"}}
[info] +  Wrote build/index.html 
[info] 
[info] i  Detected a .git folder at C:\Users\swagm\Desktop\beat-shop-frontend\my-app 
[info] i  Authorizing with GitHub to upload your service account to a GitHub repository's secrets store. 
[info] 
[info] Visit this URL on this device to log in:
[info] https://github.com/login/oauth/authorize?client_id=89cf50f02ac6aaed3484&state=495037867&redirect_uri=http%3A%2F%2Flocalhost%3A9005&scope=read%3Auser%20repo%20public_repo
[info] 
[info] Waiting for authentication...
[debug] [2022-08-24T16:59:51.173Z] >>> [apiv2][query] POST https://github.com/login/oauth/access_token [none]
[debug] [2022-08-24T16:59:51.173Z] >>> [apiv2][body] POST https://github.com/login/oauth/access_token [stream]
[debug] [2022-08-24T16:59:51.912Z] <<< [apiv2][status] POST https://github.com/login/oauth/access_token 200
[debug] [2022-08-24T16:59:51.913Z] <<< [apiv2][body] POST https://github.com/login/oauth/access_token {"access_token":"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","token_type":"bearer","scope":"read:user,repo"}
[debug] [2022-08-24T16:59:51.922Z] >>> [apiv2][query] GET https://api.github.com/user [none]
[debug] [2022-08-24T16:59:52.422Z] <<< [apiv2][status] GET https://api.github.com/user 200
[debug] [2022-08-24T16:59:52.423Z] <<< [apiv2][body] GET https://api.github.com/user {"login":"Blejn","id":102309928,"node_id":"U_kgDOBhkgKA","avatar_url":"https://avatars.githubusercontent.com/u/102309928?v=4","gravatar_id":"","url":"https://api.github.com/users/Blejn","html_url":"https://github.com/Blejn","followers_url":"https://api.github.com/users/Blejn/followers","following_url":"https://api.github.com/users/Blejn/following{/other_user}","gists_url":"https://api.github.com/users/Blejn/gists{/gist_id}","starred_url":"https://api.github.com/users/Blejn/starred{/owner}{/repo}","subscriptions_url":"https://api.github.com/users/Blejn/subscriptions","organizations_url":"https://api.github.com/users/Blejn/orgs","repos_url":"https://api.github.com/users/Blejn/repos","events_url":"https://api.github.com/users/Blejn/events{/privacy}","received_events_url":"https://api.github.com/users/Blejn/received_events","type":"User","site_admin":false,"name":"Sebastian Mazur","company":"Wasko","blog":"","location":"Warszawa","email":null,"hireable":null,"bio":"Frontend Developer | Music producer | Artist","twitter_username":"Blejntypie","public_repos":9,"public_gists":0,"followers":0,"following":0,"created_at":"2022-03-24T15:09:15Z","updated_at":"2022-07-26T14:00:46Z","private_gists":0,"total_private_repos":3,"owned_private_repos":3,"disk_usage":55136,"collaborators":0,"two_factor_authentication":false,"plan":{"name":"free","space":976562499,"collaborators":0,"private_repos":10000}}
[info] 
[info] +  Success! Logged into GitHub as Blejn 
[info] 
